<?xml version="1.0" encoding="UTF-8"?>
<!-- Generated by org.testng.reporters.JUnitXMLReporter -->
<testsuite ignored="0" hostname="DESKTOP-E4INC72" failures="0" tests="1" name="Test New Account Registration" time="0.518" errors="0" timestamp="2024-10-21T17:21:54 EEST">
  <testcase classname="Selenium_Web_Driver.NewMavenProject.RegisterTest_HappyScenario" name="@BeforeMethod setUp" time="0.134">
    <failure type="java.lang.NullPointerException" message="Cannot invoke &amp;quot;org.openqa.selenium.WebDriver.manage()&amp;quot; because &amp;quot;this.driver&amp;quot; is null">
      <![CDATA[java.lang.NullPointerException: Cannot invoke "org.openqa.selenium.WebDriver.manage()" because "this.driver" is null
at Selenium_Web_Driver.NewMavenProject.RegisterTest_HappyScenario.setUp(RegisterTest_HappyScenario.java:26)
at java.base/java.util.ArrayList.forEach(ArrayList.java:1597)
... Removed 29 stack frames]]>
    </failure>
  </testcase> <!-- @BeforeMethod setUp -->
  <testcase classname="Selenium_Web_Driver.NewMavenProject.RegisterTest_HappyScenario" name="testRegister_NewEmail" time="0.001">
    <skipped/>
  </testcase> <!-- testRegister_NewEmail -->
</testsuite> <!-- Test New Account Registration -->
