<?xml version="1.0" encoding="UTF-8"?>
<!-- Generated by org.testng.reporters.JUnitXMLReporter -->
<testsuite ignored="0" hostname="DESKTOP-E4INC72" failures="0" tests="8" name="HappyScenario" time="109.782" errors="0" timestamp="2024-10-16T00:44:19 EEST">
  <testcase classname="Selenium_Web_Driver.NewMavenProject.RegisterTest_HappyScenario" name="testRegister_NewEmail" time="11.184"/>
  <testcase classname="Selenium_Web_Driver.NewMavenProject.LoginTest_HappyScenario" name="testLoginWithValidCredentials" time="7.801"/>
  <testcase classname="Selenium_Web_Driver.NewMavenProject.ProductsTest_HappyScenario" name="testingAllProductsAreVisabile" time="14.642"/>
  <testcase classname="Selenium_Web_Driver.NewMavenProject.ProductsTest_HappyScenario" name="testingViewProduct" time="3.293"/>
  <testcase classname="Selenium_Web_Driver.NewMavenProject.ContactUs_HappyScenario" name="testContactUs" time="9.944"/>
  <testcase classname="Selenium_Web_Driver.NewMavenProject.SearchProductTest_HappyScenario" name="testingSearchingForProduct" time="16.46"/>
  <testcase classname="Selenium_Web_Driver.NewMavenProject.SubscriptionTest_HappyScenario" name="testingSubscription" time="7.47"/>
  <testcase classname="Selenium_Web_Driver.NewMavenProject.TestCasesTest_HappyScenario" name="testNavigationToTestCasesPage" time="4.558"/>
</testsuite> <!-- HappyScenario -->
