<?xml version="1.0" encoding="UTF-8"?>
<!-- Generated by org.testng.reporters.JUnitXMLReporter -->
<testsuite ignored="0" hostname="DESKTOP-E4INC72" failures="0" tests="2" name="NegativeScenario" time="21.399" errors="0" timestamp="2024-10-16T00:54:04 EEST">
  <testcase classname="Selenium_Web_Driver.NewMavenProject.LoginTest_NegativeScenario" name="loginWithWrongCredentials" time="3.547"/>
  <testcase classname="Selenium_Web_Driver.NewMavenProject.RegisterTest_NegativeScenario" name="registerWithExistedEmail" time="6.194"/>
</testsuite> <!-- NegativeScenario -->
