<?xml version="1.0" encoding="UTF-8"?>
<!-- Generated by org.testng.reporters.JUnitXMLReporter -->
<testsuite ignored="0" hostname="DESKTOP-E4INC72" failures="0" tests="2" name="Test Product Details" time="32.751" errors="0" timestamp="2024-10-21T17:54:51 EEST">
  <testcase classname="Selenium_Web_Driver.NewMavenProject.ProductsTest_HappyScenario" name="testingAllProductsAreVisabile" time="8.13"/>
  <testcase classname="Selenium_Web_Driver.NewMavenProject.ProductsTest_HappyScenario" name="testingViewProduct" time="11.63"/>
</testsuite> <!-- Test Product Details -->
