<?xml version="1.0" encoding="UTF-8"?>
<testng-results ignored="0" total="1" passed="1" failed="0" skipped="0">
  <reporter-output>
  </reporter-output>
  <suite started-at="2024-10-15T04:45:40 EEST" name="Default suite" finished-at="2024-10-15T04:45:54 EEST" duration-ms="14632">
    <groups>
    </groups>
    <test started-at="2024-10-15T04:45:40 EEST" name="Default test" finished-at="2024-10-15T04:45:54 EEST" duration-ms="14632">
      <class name="Selenium_Web_Driver.NewMavenProject.ContactUs_HappyScenario">
        <test-method is-config="true" signature="openWebsite()[pri:0, instance:Selenium_Web_Driver.NewMavenProject.ContactUs_HappyScenario@815b41f]" started-at="2024-10-15T04:45:40 EEST" name="openWebsite" finished-at="2024-10-15T04:45:46 EEST" duration-ms="6109" status="PASS">
          <reporter-output>
          </reporter-output>
        </test-method> <!-- openWebsite -->
        <test-method is-config="true" signature="setUp()[pri:0, instance:Selenium_Web_Driver.NewMavenProject.ContactUs_HappyScenario@815b41f]" started-at="2024-10-15T04:45:46 EEST" name="setUp" finished-at="2024-10-15T04:45:46 EEST" duration-ms="57" status="PASS">
          <reporter-output>
          </reporter-output>
        </test-method> <!-- setUp -->
        <test-method signature="testContactUs()[pri:0, instance:Selenium_Web_Driver.NewMavenProject.ContactUs_HappyScenario@815b41f]" started-at="2024-10-15T04:45:46 EEST" name="testContactUs" finished-at="2024-10-15T04:45:54 EEST" duration-ms="7839" status="PASS">
          <reporter-output>
          </reporter-output>
        </test-method> <!-- testContactUs -->
        <test-method is-config="true" signature="closeWebsite()[pri:0, instance:Selenium_Web_Driver.NewMavenProject.ContactUs_HappyScenario@815b41f]" started-at="2024-10-15T04:45:54 EEST" name="closeWebsite" finished-at="2024-10-15T04:45:54 EEST" duration-ms="510" status="PASS">
          <reporter-output>
          </reporter-output>
        </test-method> <!-- closeWebsite -->
      </class> <!-- Selenium_Web_Driver.NewMavenProject.ContactUs_HappyScenario -->
    </test> <!-- Default test -->
  </suite> <!-- Default suite -->
</testng-results>
