<?xml version="1.0" encoding="UTF-8"?>
<testng-results ignored="0" total="2" passed="2" failed="0" skipped="0">
  <reporter-output>
  </reporter-output>
  <suite started-at="2024-10-16T00:53:42 EEST" name="Regression" finished-at="2024-10-16T00:54:04 EEST" duration-ms="21399">
    <groups>
    </groups>
    <test started-at="2024-10-16T00:53:42 EEST" name="NegativeScenario" finished-at="2024-10-16T00:54:04 EEST" duration-ms="21399">
      <class name="Selenium_Web_Driver.NewMavenProject.LoginTest_NegativeScenario">
        <test-method is-config="true" signature="openWebsite()[pri:0, instance:Selenium_Web_Driver.NewMavenProject.LoginTest_NegativeScenario@3c46e67a]" started-at="2024-10-16T00:53:42 EEST" name="openWebsite" finished-at="2024-10-16T00:53:49 EEST" duration-ms="6828" status="PASS">
          <reporter-output>
          </reporter-output>
        </test-method> <!-- openWebsite -->
        <test-method is-config="true" signature="setUp()[pri:0, instance:Selenium_Web_Driver.NewMavenProject.LoginTest_NegativeScenario@3c46e67a]" started-at="2024-10-16T00:53:49 EEST" name="setUp" finished-at="2024-10-16T00:53:49 EEST" duration-ms="89" status="PASS">
          <reporter-output>
          </reporter-output>
        </test-method> <!-- setUp -->
        <test-method signature="loginWithWrongCredentials()[pri:0, instance:Selenium_Web_Driver.NewMavenProject.LoginTest_NegativeScenario@3c46e67a]" started-at="2024-10-16T00:53:49 EEST" name="loginWithWrongCredentials" finished-at="2024-10-16T00:53:53 EEST" duration-ms="3547" status="PASS">
          <reporter-output>
          </reporter-output>
        </test-method> <!-- loginWithWrongCredentials -->
        <test-method is-config="true" signature="closeWebsite()[pri:0, instance:Selenium_Web_Driver.NewMavenProject.LoginTest_NegativeScenario@3c46e67a]" started-at="2024-10-16T00:53:53 EEST" name="closeWebsite" finished-at="2024-10-16T00:53:54 EEST" duration-ms="1110" status="PASS">
          <reporter-output>
          </reporter-output>
        </test-method> <!-- closeWebsite -->
      </class> <!-- Selenium_Web_Driver.NewMavenProject.LoginTest_NegativeScenario -->
      <class name="Selenium_Web_Driver.NewMavenProject.RegisterTest_NegativeScenario">
        <test-method is-config="true" signature="openWebsite()[pri:0, instance:Selenium_Web_Driver.NewMavenProject.RegisterTest_NegativeScenario@45752059]" started-at="2024-10-16T00:53:54 EEST" name="openWebsite" finished-at="2024-10-16T00:53:57 EEST" duration-ms="3092" status="PASS">
          <reporter-output>
          </reporter-output>
        </test-method> <!-- openWebsite -->
        <test-method signature="registerWithExistedEmail()[pri:0, instance:Selenium_Web_Driver.NewMavenProject.RegisterTest_NegativeScenario@45752059]" started-at="2024-10-16T00:53:57 EEST" name="registerWithExistedEmail" finished-at="2024-10-16T00:54:03 EEST" duration-ms="6194" status="PASS">
          <reporter-output>
          </reporter-output>
        </test-method> <!-- registerWithExistedEmail -->
        <test-method is-config="true" signature="closeWebsite()[pri:0, instance:Selenium_Web_Driver.NewMavenProject.RegisterTest_NegativeScenario@45752059]" started-at="2024-10-16T00:54:03 EEST" name="closeWebsite" finished-at="2024-10-16T00:54:04 EEST" duration-ms="444" status="PASS">
          <reporter-output>
          </reporter-output>
        </test-method> <!-- closeWebsite -->
      </class> <!-- Selenium_Web_Driver.NewMavenProject.RegisterTest_NegativeScenario -->
    </test> <!-- NegativeScenario -->
  </suite> <!-- Regression -->
</testng-results>
